{"user":"sliwek","type":"command","message":"play","time":"2022-06-29 12:39:58"}
{"user":"sliwek","type":"command","message":"pause","time":"2022-06-29 12:39:59"}
{"user":"sliwek","type":"command","message":"play","time":"2022-06-29 19:28:42"}
{"user":"sliwek","type":"command","message":"pause","time":"2022-06-29 19:28:50"}
{"user":"sliwek","type":"command","message":"play","time":"2022-06-29 19:28:53"}
{"user":"sliwek","type":"command","message":"forward","time":"2022-06-29 19:30:15"}
{"user":"sliwek","type":"command","message":"back","time":"2022-06-29 19:30:22"}
{"user":"sliwek","type":"command","message":"back","time":"2022-06-29 19:30:55"}
{"user":"sliwek","type":"command","message":"forward","time":"2022-06-29 19:31:00"}
{"user":"sliwek","type":"command","message":"forward","time":"2022-06-29 19:31:04"}
{"user":"sliwek","type":"command","message":"forward","time":"2022-06-29 19:31:14"}
{"user":"sliwek","type":"command","message":"back","time":"2022-06-29 19:31:17"}
{"user":"sliwek","type":"command","message":"forward","time":"2022-06-29 19:32:03"}
{"user":"sliwek","type":"command","message":"forward","time":"2022-06-29 19:32:07"}
{"user":"sliwek","type":"command","message":"forward","time":"2022-06-29 19:32:11"}
{"user":"sliwek","type":"command","message":"back","time":"2022-06-29 19:32:15"}
{"user":"sliwek","type":"command","message":"play","time":"2022-06-29 19:32:19"}
{"user":"sliwek","type":"command","message":"back","time":"2022-06-29 19:32:21"}
{"user":"sliwek","type":"command","message":"forward","time":"2022-07-01 09:48:40"}
{"user":"sliwek","type":"command","message":"forward","time":"2022-07-01 10:09:10"}
{"user":"sliwek","type":"command","message":"back","time":"2022-07-01 10:09:19"}
{"user":"sliwek","type":"command","message":"pause","time":"2022-07-01 10:09:45"}
{"user":"siema","type":"command","message":"pause","time":"2022-07-01 15:10:01"}
{"user":"siema","type":"command","message":"play","time":"2022-07-01 15:10:05"}
{"user":"siema","type":"command","message":"pause","time":"2022-07-01 15:10:09"}
{"user":"siema","type":"command","message":"admin","time":"2022-07-01 15:09:45"}